<?xml version="1.0" encoding="UTF-8"?>
<!-- Generated by org.testng.reporters.JUnitReportReporter -->
<testsuite hostname="DESKTOP-4JSDMOS" failures="0" tests="1" name="com.inetBanking.testCases.TC_AddCustomer_003" time="19.789" errors="0" timestamp="29 Sep 2021 08:58:26 GMT" skipped="0">
  <testcase classname="com.inetBanking.testCases.TC_AddCustomer_003" name="addNewCustomer" time="19.789"/>
</testsuite> <!-- com.inetBanking.testCases.TC_AddCustomer_003 -->
